2021-07-01 17:13:49 [restartedMain] INFO c.s.h.HappyHouseFinalPjtApplication - Starting HappyHouseFinalPjtApplication using Java 1.8.0_221 on DESKTOP-A9RSJ5F with PID 16164 (C:\Users\jinwoo\Documents\workspace-sts-3.9.14.RELEASE\HappyHouseFinalPJT\bin\main started by jinwoo in C:\Users\jinwoo\Documents\workspace-sts-3.9.14.RELEASE\HappyHouseFinalPJT) 
2021-07-01 17:13:49 [restartedMain] DEBUG c.s.h.HappyHouseFinalPjtApplication - Running with Spring Boot v2.4.5, Spring v5.3.6 
2021-07-01 17:13:49 [restartedMain] INFO c.s.h.HappyHouseFinalPjtApplication - No active profile set, falling back to default profiles: default 
2021-07-01 17:13:49 [restartedMain] INFO o.s.b.d.e.DevToolsPropertyDefaultsPostProcessor - Devtools property defaults active! Set 'spring.devtools.add-properties' to 'false' to disable 
2021-07-01 17:13:49 [restartedMain] INFO o.s.b.d.e.DevToolsPropertyDefaultsPostProcessor - For additional web related logging consider setting the 'logging.level.web' property to 'DEBUG' 
2021-07-01 17:13:50 [restartedMain] INFO o.s.b.w.e.t.TomcatWebServer - Tomcat initialized with port(s): 80 (http) 
2021-07-01 17:13:50 [restartedMain] INFO o.a.c.h.Http11NioProtocol - Initializing ProtocolHandler ["http-nio-80"] 
2021-07-01 17:13:50 [restartedMain] INFO o.a.c.c.StandardService - Starting service [Tomcat] 
2021-07-01 17:13:50 [restartedMain] INFO o.a.c.c.StandardEngine - Starting Servlet engine: [Apache Tomcat/9.0.45] 
2021-07-01 17:13:50 [restartedMain] INFO o.a.j.s.TldScanner - At least one JAR was scanned for TLDs yet contained no TLDs. Enable debug logging for this logger for a complete list of JARs that were scanned but no TLDs were found in them. Skipping unneeded JARs during scanning can improve startup time and JSP compilation time. 
2021-07-01 17:13:50 [restartedMain] INFO o.a.c.c.C.[.[.[/] - Initializing Spring embedded WebApplicationContext 
2021-07-01 17:13:50 [restartedMain] INFO o.s.b.w.s.c.ServletWebServerApplicationContext - Root WebApplicationContext: initialization completed in 1287 ms 
2021-07-01 17:13:51 [restartedMain] INFO c.s.h.c.LoggerAspect - LoggerAspect : Before class com.ssafy.happyhouse.WebConfiguration$$EnhancerBySpringCGLIB$$10780806.addInterceptors() 
2021-07-01 17:13:51 [restartedMain] DEBUG c.s.h.c.LoggerAspect - LoggerAspect : Before Debug class com.ssafy.happyhouse.WebConfiguration$$EnhancerBySpringCGLIB$$10780806.addInterceptors() 
2021-07-01 17:13:51 [restartedMain] INFO c.s.h.c.LoggerAspect - LoggerAspect : After class com.ssafy.happyhouse.WebConfiguration$$EnhancerBySpringCGLIB$$10780806.addInterceptors() 
2021-07-01 17:13:51 [restartedMain] DEBUG c.s.h.c.LoggerAspect - LoggerAspect : After Debug class com.ssafy.happyhouse.WebConfiguration$$EnhancerBySpringCGLIB$$10780806.addInterceptors() 
2021-07-01 17:13:51 [restartedMain] INFO s.d.s.w.PropertySourcedRequestMappingHandlerMapping - Mapped URL path [/v2/api-docs] onto method [springfox.documentation.swagger2.web.Swagger2Controller#getDocumentation(String, HttpServletRequest)] 
2021-07-01 17:13:51 [restartedMain] INFO c.s.h.c.LoggerAspect - LoggerAspect : Before class com.ssafy.happyhouse.SwaggerConfiguration$$EnhancerBySpringCGLIB$$a9040550.api() 
2021-07-01 17:13:51 [restartedMain] DEBUG c.s.h.c.LoggerAspect - LoggerAspect : Before Debug class com.ssafy.happyhouse.SwaggerConfiguration$$EnhancerBySpringCGLIB$$a9040550.api() 
2021-07-01 17:13:51 [restartedMain] INFO c.s.h.c.LoggerAspect - LoggerAspect : After class com.ssafy.happyhouse.SwaggerConfiguration$$EnhancerBySpringCGLIB$$a9040550.api() 
2021-07-01 17:13:51 [restartedMain] DEBUG c.s.h.c.LoggerAspect - LoggerAspect : After Debug class com.ssafy.happyhouse.SwaggerConfiguration$$EnhancerBySpringCGLIB$$a9040550.api() 
2021-07-01 17:13:51 [restartedMain] INFO o.s.s.c.ThreadPoolTaskExecutor - Initializing ExecutorService 'applicationTaskExecutor' 
2021-07-01 17:13:51 [restartedMain] INFO o.s.b.d.a.OptionalLiveReloadServer - LiveReload server is running on port 35729 
2021-07-01 17:13:51 [restartedMain] INFO o.s.b.a.w.s.WelcomePageHandlerMapping - Adding welcome page: class path resource [static/index.html] 
2021-07-01 17:13:51 [restartedMain] INFO o.a.c.h.Http11NioProtocol - Starting ProtocolHandler ["http-nio-80"] 
2021-07-01 17:13:51 [restartedMain] INFO o.s.b.w.e.t.TomcatWebServer - Tomcat started on port(s): 80 (http) with context path '' 
2021-07-01 17:13:51 [restartedMain] INFO s.d.s.w.p.DocumentationPluginsBootstrapper - Context refreshed 
2021-07-01 17:13:51 [restartedMain] INFO s.d.s.w.p.DocumentationPluginsBootstrapper - Found 1 custom documentation plugin(s) 
2021-07-01 17:13:51 [restartedMain] INFO s.d.s.w.s.ApiListingReferenceScanner - Scanning for api listing references 
2021-07-01 17:13:52 [restartedMain] INFO c.s.h.HappyHouseFinalPjtApplication - Started HappyHouseFinalPjtApplication in 2.969 seconds (JVM running for 3.791) 
2021-07-01 17:13:57 [http-nio-80-exec-1] INFO o.a.c.c.C.[.[.[/] - Initializing Spring DispatcherServlet 'dispatcherServlet' 
2021-07-01 17:13:57 [http-nio-80-exec-1] INFO o.s.w.s.DispatcherServlet - Initializing Servlet 'dispatcherServlet' 
2021-07-01 17:13:57 [http-nio-80-exec-1] INFO o.s.w.s.DispatcherServlet - Completed initialization in 1 ms 
2021-07-01 17:14:44 [Thread-6] INFO o.s.s.c.ThreadPoolTaskExecutor - Shutting down ExecutorService 'applicationTaskExecutor' 
2021-07-01 17:14:44 [restartedMain] INFO c.s.h.HappyHouseFinalPjtApplication - Starting HappyHouseFinalPjtApplication using Java 1.8.0_221 on DESKTOP-A9RSJ5F with PID 16164 (C:\Users\jinwoo\Documents\workspace-sts-3.9.14.RELEASE\HappyHouseFinalPJT\bin\main started by jinwoo in C:\Users\jinwoo\Documents\workspace-sts-3.9.14.RELEASE\HappyHouseFinalPJT) 
2021-07-01 17:14:44 [restartedMain] DEBUG c.s.h.HappyHouseFinalPjtApplication - Running with Spring Boot v2.4.5, Spring v5.3.6 
2021-07-01 17:14:44 [restartedMain] INFO c.s.h.HappyHouseFinalPjtApplication - No active profile set, falling back to default profiles: default 
2021-07-01 17:14:44 [restartedMain] INFO o.s.b.w.e.t.TomcatWebServer - Tomcat initialized with port(s): 80 (http) 
2021-07-01 17:14:44 [restartedMain] INFO o.a.c.h.Http11NioProtocol - Initializing ProtocolHandler ["http-nio-80"] 
2021-07-01 17:14:44 [restartedMain] INFO o.a.c.c.StandardService - Starting service [Tomcat] 
2021-07-01 17:14:44 [restartedMain] INFO o.a.c.c.StandardEngine - Starting Servlet engine: [Apache Tomcat/9.0.45] 
2021-07-01 17:14:45 [restartedMain] INFO o.a.j.s.TldScanner - At least one JAR was scanned for TLDs yet contained no TLDs. Enable debug logging for this logger for a complete list of JARs that were scanned but no TLDs were found in them. Skipping unneeded JARs during scanning can improve startup time and JSP compilation time. 
2021-07-01 17:14:45 [restartedMain] INFO o.a.c.c.C.[.[.[/] - Initializing Spring embedded WebApplicationContext 
2021-07-01 17:14:45 [restartedMain] INFO o.s.b.w.s.c.ServletWebServerApplicationContext - Root WebApplicationContext: initialization completed in 366 ms 
2021-07-01 17:14:45 [restartedMain] INFO c.s.h.c.LoggerAspect - LoggerAspect : Before class com.ssafy.happyhouse.WebConfiguration$$EnhancerBySpringCGLIB$$10780806.addInterceptors() 
2021-07-01 17:14:45 [restartedMain] DEBUG c.s.h.c.LoggerAspect - LoggerAspect : Before Debug class com.ssafy.happyhouse.WebConfiguration$$EnhancerBySpringCGLIB$$10780806.addInterceptors() 
2021-07-01 17:14:45 [restartedMain] INFO c.s.h.c.LoggerAspect - LoggerAspect : After class com.ssafy.happyhouse.WebConfiguration$$EnhancerBySpringCGLIB$$10780806.addInterceptors() 
2021-07-01 17:14:45 [restartedMain] DEBUG c.s.h.c.LoggerAspect - LoggerAspect : After Debug class com.ssafy.happyhouse.WebConfiguration$$EnhancerBySpringCGLIB$$10780806.addInterceptors() 
2021-07-01 17:14:45 [restartedMain] INFO s.d.s.w.PropertySourcedRequestMappingHandlerMapping - Mapped URL path [/v2/api-docs] onto method [springfox.documentation.swagger2.web.Swagger2Controller#getDocumentation(String, HttpServletRequest)] 
2021-07-01 17:14:45 [restartedMain] INFO c.s.h.c.LoggerAspect - LoggerAspect : Before class com.ssafy.happyhouse.SwaggerConfiguration$$EnhancerBySpringCGLIB$$a9040550.api() 
2021-07-01 17:14:45 [restartedMain] DEBUG c.s.h.c.LoggerAspect - LoggerAspect : Before Debug class com.ssafy.happyhouse.SwaggerConfiguration$$EnhancerBySpringCGLIB$$a9040550.api() 
2021-07-01 17:14:45 [restartedMain] INFO c.s.h.c.LoggerAspect - LoggerAspect : After class com.ssafy.happyhouse.SwaggerConfiguration$$EnhancerBySpringCGLIB$$a9040550.api() 
2021-07-01 17:14:45 [restartedMain] DEBUG c.s.h.c.LoggerAspect - LoggerAspect : After Debug class com.ssafy.happyhouse.SwaggerConfiguration$$EnhancerBySpringCGLIB$$a9040550.api() 
2021-07-01 17:14:45 [restartedMain] INFO o.s.s.c.ThreadPoolTaskExecutor - Initializing ExecutorService 'applicationTaskExecutor' 
2021-07-01 17:14:45 [restartedMain] INFO o.s.b.d.a.OptionalLiveReloadServer - LiveReload server is running on port 35729 
2021-07-01 17:14:45 [restartedMain] INFO o.s.b.a.w.s.WelcomePageHandlerMapping - Adding welcome page: class path resource [static/index.html] 
2021-07-01 17:14:45 [restartedMain] INFO o.a.c.h.Http11NioProtocol - Starting ProtocolHandler ["http-nio-80"] 
2021-07-01 17:14:45 [restartedMain] INFO o.s.b.w.e.t.TomcatWebServer - Tomcat started on port(s): 80 (http) with context path '' 
2021-07-01 17:14:45 [restartedMain] INFO s.d.s.w.p.DocumentationPluginsBootstrapper - Context refreshed 
2021-07-01 17:14:45 [restartedMain] INFO s.d.s.w.p.DocumentationPluginsBootstrapper - Found 1 custom documentation plugin(s) 
2021-07-01 17:14:45 [restartedMain] INFO s.d.s.w.s.ApiListingReferenceScanner - Scanning for api listing references 
2021-07-01 17:14:45 [restartedMain] INFO c.s.h.HappyHouseFinalPjtApplication - Started HappyHouseFinalPjtApplication in 0.946 seconds (JVM running for 57.135) 
2021-07-01 17:14:45 [restartedMain] INFO o.s.b.d.a.ConditionEvaluationDeltaLoggingListener - Condition evaluation unchanged 
2021-07-01 17:14:48 [Thread-14] INFO o.s.s.c.ThreadPoolTaskExecutor - Shutting down ExecutorService 'applicationTaskExecutor' 
2021-07-01 17:14:48 [restartedMain] INFO c.s.h.HappyHouseFinalPjtApplication - Starting HappyHouseFinalPjtApplication using Java 1.8.0_221 on DESKTOP-A9RSJ5F with PID 16164 (C:\Users\jinwoo\Documents\workspace-sts-3.9.14.RELEASE\HappyHouseFinalPJT\bin\main started by jinwoo in C:\Users\jinwoo\Documents\workspace-sts-3.9.14.RELEASE\HappyHouseFinalPJT) 
2021-07-01 17:14:48 [restartedMain] DEBUG c.s.h.HappyHouseFinalPjtApplication - Running with Spring Boot v2.4.5, Spring v5.3.6 
2021-07-01 17:14:48 [restartedMain] INFO c.s.h.HappyHouseFinalPjtApplication - No active profile set, falling back to default profiles: default 
2021-07-01 17:14:49 [restartedMain] INFO o.s.b.w.e.t.TomcatWebServer - Tomcat initialized with port(s): 80 (http) 
2021-07-01 17:14:49 [restartedMain] INFO o.a.c.h.Http11NioProtocol - Initializing ProtocolHandler ["http-nio-80"] 
2021-07-01 17:14:49 [restartedMain] INFO o.a.c.c.StandardService - Starting service [Tomcat] 
2021-07-01 17:14:49 [restartedMain] INFO o.a.c.c.StandardEngine - Starting Servlet engine: [Apache Tomcat/9.0.45] 
2021-07-01 17:14:49 [restartedMain] INFO o.a.j.s.TldScanner - At least one JAR was scanned for TLDs yet contained no TLDs. Enable debug logging for this logger for a complete list of JARs that were scanned but no TLDs were found in them. Skipping unneeded JARs during scanning can improve startup time and JSP compilation time. 
2021-07-01 17:14:49 [restartedMain] INFO o.a.c.c.C.[.[.[/] - Initializing Spring embedded WebApplicationContext 
2021-07-01 17:14:49 [restartedMain] INFO o.s.b.w.s.c.ServletWebServerApplicationContext - Root WebApplicationContext: initialization completed in 315 ms 
2021-07-01 17:14:49 [restartedMain] INFO c.s.h.c.LoggerAspect - LoggerAspect : Before class com.ssafy.happyhouse.WebConfiguration$$EnhancerBySpringCGLIB$$10780806.addInterceptors() 
2021-07-01 17:14:49 [restartedMain] DEBUG c.s.h.c.LoggerAspect - LoggerAspect : Before Debug class com.ssafy.happyhouse.WebConfiguration$$EnhancerBySpringCGLIB$$10780806.addInterceptors() 
2021-07-01 17:14:49 [restartedMain] INFO c.s.h.c.LoggerAspect - LoggerAspect : After class com.ssafy.happyhouse.WebConfiguration$$EnhancerBySpringCGLIB$$10780806.addInterceptors() 
2021-07-01 17:14:49 [restartedMain] DEBUG c.s.h.c.LoggerAspect - LoggerAspect : After Debug class com.ssafy.happyhouse.WebConfiguration$$EnhancerBySpringCGLIB$$10780806.addInterceptors() 
2021-07-01 17:14:49 [restartedMain] INFO s.d.s.w.PropertySourcedRequestMappingHandlerMapping - Mapped URL path [/v2/api-docs] onto method [springfox.documentation.swagger2.web.Swagger2Controller#getDocumentation(String, HttpServletRequest)] 
2021-07-01 17:14:49 [restartedMain] INFO c.s.h.c.LoggerAspect - LoggerAspect : Before class com.ssafy.happyhouse.SwaggerConfiguration$$EnhancerBySpringCGLIB$$a9040550.api() 
2021-07-01 17:14:49 [restartedMain] DEBUG c.s.h.c.LoggerAspect - LoggerAspect : Before Debug class com.ssafy.happyhouse.SwaggerConfiguration$$EnhancerBySpringCGLIB$$a9040550.api() 
2021-07-01 17:14:49 [restartedMain] INFO c.s.h.c.LoggerAspect - LoggerAspect : After class com.ssafy.happyhouse.SwaggerConfiguration$$EnhancerBySpringCGLIB$$a9040550.api() 
2021-07-01 17:14:49 [restartedMain] DEBUG c.s.h.c.LoggerAspect - LoggerAspect : After Debug class com.ssafy.happyhouse.SwaggerConfiguration$$EnhancerBySpringCGLIB$$a9040550.api() 
2021-07-01 17:14:49 [restartedMain] INFO o.s.s.c.ThreadPoolTaskExecutor - Initializing ExecutorService 'applicationTaskExecutor' 
2021-07-01 17:14:49 [restartedMain] INFO o.s.b.d.a.OptionalLiveReloadServer - LiveReload server is running on port 35729 
2021-07-01 17:14:49 [restartedMain] INFO o.s.b.a.w.s.WelcomePageHandlerMapping - Adding welcome page: class path resource [static/index.html] 
2021-07-01 17:14:49 [restartedMain] INFO o.a.c.h.Http11NioProtocol - Starting ProtocolHandler ["http-nio-80"] 
2021-07-01 17:14:49 [restartedMain] INFO o.s.b.w.e.t.TomcatWebServer - Tomcat started on port(s): 80 (http) with context path '' 
2021-07-01 17:14:49 [restartedMain] INFO s.d.s.w.p.DocumentationPluginsBootstrapper - Context refreshed 
2021-07-01 17:14:49 [restartedMain] INFO s.d.s.w.p.DocumentationPluginsBootstrapper - Found 1 custom documentation plugin(s) 
2021-07-01 17:14:49 [restartedMain] INFO s.d.s.w.s.ApiListingReferenceScanner - Scanning for api listing references 
2021-07-01 17:14:49 [restartedMain] INFO c.s.h.HappyHouseFinalPjtApplication - Started HappyHouseFinalPjtApplication in 0.85 seconds (JVM running for 61.191) 
2021-07-01 17:14:49 [restartedMain] INFO o.s.b.d.a.ConditionEvaluationDeltaLoggingListener - Condition evaluation unchanged 
2021-07-01 17:14:53 [Thread-21] INFO o.s.s.c.ThreadPoolTaskExecutor - Shutting down ExecutorService 'applicationTaskExecutor' 
2021-07-01 17:14:53 [restartedMain] INFO c.s.h.HappyHouseFinalPjtApplication - Starting HappyHouseFinalPjtApplication using Java 1.8.0_221 on DESKTOP-A9RSJ5F with PID 16164 (C:\Users\jinwoo\Documents\workspace-sts-3.9.14.RELEASE\HappyHouseFinalPJT\bin\main started by jinwoo in C:\Users\jinwoo\Documents\workspace-sts-3.9.14.RELEASE\HappyHouseFinalPJT) 
2021-07-01 17:14:53 [restartedMain] DEBUG c.s.h.HappyHouseFinalPjtApplication - Running with Spring Boot v2.4.5, Spring v5.3.6 
2021-07-01 17:14:53 [restartedMain] INFO c.s.h.HappyHouseFinalPjtApplication - No active profile set, falling back to default profiles: default 
2021-07-01 17:14:53 [restartedMain] INFO o.s.b.w.e.t.TomcatWebServer - Tomcat initialized with port(s): 80 (http) 
2021-07-01 17:14:53 [restartedMain] INFO o.a.c.h.Http11NioProtocol - Initializing ProtocolHandler ["http-nio-80"] 
2021-07-01 17:14:53 [restartedMain] INFO o.a.c.c.StandardService - Starting service [Tomcat] 
2021-07-01 17:14:53 [restartedMain] INFO o.a.c.c.StandardEngine - Starting Servlet engine: [Apache Tomcat/9.0.45] 
2021-07-01 17:14:53 [restartedMain] INFO o.a.j.s.TldScanner - At least one JAR was scanned for TLDs yet contained no TLDs. Enable debug logging for this logger for a complete list of JARs that were scanned but no TLDs were found in them. Skipping unneeded JARs during scanning can improve startup time and JSP compilation time. 
2021-07-01 17:14:53 [restartedMain] INFO o.a.c.c.C.[.[.[/] - Initializing Spring embedded WebApplicationContext 
2021-07-01 17:14:53 [restartedMain] INFO o.s.b.w.s.c.ServletWebServerApplicationContext - Root WebApplicationContext: initialization completed in 303 ms 
2021-07-01 17:14:54 [restartedMain] INFO c.s.h.c.LoggerAspect - LoggerAspect : Before class com.ssafy.happyhouse.WebConfiguration$$EnhancerBySpringCGLIB$$10780806.addInterceptors() 
2021-07-01 17:14:54 [restartedMain] DEBUG c.s.h.c.LoggerAspect - LoggerAspect : Before Debug class com.ssafy.happyhouse.WebConfiguration$$EnhancerBySpringCGLIB$$10780806.addInterceptors() 
2021-07-01 17:14:54 [restartedMain] INFO c.s.h.c.LoggerAspect - LoggerAspect : After class com.ssafy.happyhouse.WebConfiguration$$EnhancerBySpringCGLIB$$10780806.addInterceptors() 
2021-07-01 17:14:54 [restartedMain] DEBUG c.s.h.c.LoggerAspect - LoggerAspect : After Debug class com.ssafy.happyhouse.WebConfiguration$$EnhancerBySpringCGLIB$$10780806.addInterceptors() 
2021-07-01 17:14:54 [restartedMain] INFO s.d.s.w.PropertySourcedRequestMappingHandlerMapping - Mapped URL path [/v2/api-docs] onto method [springfox.documentation.swagger2.web.Swagger2Controller#getDocumentation(String, HttpServletRequest)] 
2021-07-01 17:14:54 [restartedMain] INFO c.s.h.c.LoggerAspect - LoggerAspect : Before class com.ssafy.happyhouse.SwaggerConfiguration$$EnhancerBySpringCGLIB$$a9040550.api() 
2021-07-01 17:14:54 [restartedMain] DEBUG c.s.h.c.LoggerAspect - LoggerAspect : Before Debug class com.ssafy.happyhouse.SwaggerConfiguration$$EnhancerBySpringCGLIB$$a9040550.api() 
2021-07-01 17:14:54 [restartedMain] INFO c.s.h.c.LoggerAspect - LoggerAspect : After class com.ssafy.happyhouse.SwaggerConfiguration$$EnhancerBySpringCGLIB$$a9040550.api() 
2021-07-01 17:14:54 [restartedMain] DEBUG c.s.h.c.LoggerAspect - LoggerAspect : After Debug class com.ssafy.happyhouse.SwaggerConfiguration$$EnhancerBySpringCGLIB$$a9040550.api() 
2021-07-01 17:14:54 [restartedMain] INFO o.s.s.c.ThreadPoolTaskExecutor - Initializing ExecutorService 'applicationTaskExecutor' 
2021-07-01 17:14:54 [restartedMain] INFO o.s.b.d.a.OptionalLiveReloadServer - LiveReload server is running on port 35729 
2021-07-01 17:14:54 [restartedMain] INFO o.s.b.a.w.s.WelcomePageHandlerMapping - Adding welcome page: class path resource [static/index.html] 
2021-07-01 17:14:54 [restartedMain] INFO o.a.c.h.Http11NioProtocol - Starting ProtocolHandler ["http-nio-80"] 
2021-07-01 17:14:54 [restartedMain] INFO o.s.b.w.e.t.TomcatWebServer - Tomcat started on port(s): 80 (http) with context path '' 
2021-07-01 17:14:54 [restartedMain] INFO s.d.s.w.p.DocumentationPluginsBootstrapper - Context refreshed 
2021-07-01 17:14:54 [restartedMain] INFO s.d.s.w.p.DocumentationPluginsBootstrapper - Found 1 custom documentation plugin(s) 
2021-07-01 17:14:54 [restartedMain] INFO s.d.s.w.s.ApiListingReferenceScanner - Scanning for api listing references 
2021-07-01 17:14:54 [restartedMain] INFO c.s.h.HappyHouseFinalPjtApplication - Started HappyHouseFinalPjtApplication in 0.832 seconds (JVM running for 65.912) 
2021-07-01 17:14:54 [restartedMain] INFO o.s.b.d.a.ConditionEvaluationDeltaLoggingListener - Condition evaluation unchanged 
2021-07-01 17:14:56 [http-nio-80-exec-1] INFO o.a.c.c.C.[.[.[/] - Initializing Spring DispatcherServlet 'dispatcherServlet' 
2021-07-01 17:14:56 [http-nio-80-exec-1] INFO o.s.w.s.DispatcherServlet - Initializing Servlet 'dispatcherServlet' 
2021-07-01 17:14:56 [http-nio-80-exec-1] INFO o.s.w.s.DispatcherServlet - Completed initialization in 2 ms 
2021-07-01 17:14:57 [Thread-28] INFO o.s.s.c.ThreadPoolTaskExecutor - Shutting down ExecutorService 'applicationTaskExecutor' 
2021-07-01 17:14:57 [restartedMain] INFO c.s.h.HappyHouseFinalPjtApplication - Starting HappyHouseFinalPjtApplication using Java 1.8.0_221 on DESKTOP-A9RSJ5F with PID 16164 (C:\Users\jinwoo\Documents\workspace-sts-3.9.14.RELEASE\HappyHouseFinalPJT\bin\main started by jinwoo in C:\Users\jinwoo\Documents\workspace-sts-3.9.14.RELEASE\HappyHouseFinalPJT) 
2021-07-01 17:14:57 [restartedMain] DEBUG c.s.h.HappyHouseFinalPjtApplication - Running with Spring Boot v2.4.5, Spring v5.3.6 
2021-07-01 17:14:57 [restartedMain] INFO c.s.h.HappyHouseFinalPjtApplication - No active profile set, falling back to default profiles: default 
2021-07-01 17:14:57 [restartedMain] INFO o.s.b.w.e.t.TomcatWebServer - Tomcat initialized with port(s): 80 (http) 
2021-07-01 17:14:57 [restartedMain] INFO o.a.c.h.Http11NioProtocol - Initializing ProtocolHandler ["http-nio-80"] 
2021-07-01 17:14:57 [restartedMain] INFO o.a.c.c.StandardService - Starting service [Tomcat] 
2021-07-01 17:14:57 [restartedMain] INFO o.a.c.c.StandardEngine - Starting Servlet engine: [Apache Tomcat/9.0.45] 
2021-07-01 17:14:58 [restartedMain] INFO o.a.j.s.TldScanner - At least one JAR was scanned for TLDs yet contained no TLDs. Enable debug logging for this logger for a complete list of JARs that were scanned but no TLDs were found in them. Skipping unneeded JARs during scanning can improve startup time and JSP compilation time. 
2021-07-01 17:14:58 [restartedMain] INFO o.a.c.c.C.[.[.[/] - Initializing Spring embedded WebApplicationContext 
2021-07-01 17:14:58 [restartedMain] INFO o.s.b.w.s.c.ServletWebServerApplicationContext - Root WebApplicationContext: initialization completed in 324 ms 
2021-07-01 17:14:58 [restartedMain] INFO c.s.h.c.LoggerAspect - LoggerAspect : Before class com.ssafy.happyhouse.WebConfiguration$$EnhancerBySpringCGLIB$$10780806.addInterceptors() 
2021-07-01 17:14:58 [restartedMain] DEBUG c.s.h.c.LoggerAspect - LoggerAspect : Before Debug class com.ssafy.happyhouse.WebConfiguration$$EnhancerBySpringCGLIB$$10780806.addInterceptors() 
2021-07-01 17:14:58 [restartedMain] INFO c.s.h.c.LoggerAspect - LoggerAspect : After class com.ssafy.happyhouse.WebConfiguration$$EnhancerBySpringCGLIB$$10780806.addInterceptors() 
2021-07-01 17:14:58 [restartedMain] DEBUG c.s.h.c.LoggerAspect - LoggerAspect : After Debug class com.ssafy.happyhouse.WebConfiguration$$EnhancerBySpringCGLIB$$10780806.addInterceptors() 
2021-07-01 17:14:58 [restartedMain] INFO s.d.s.w.PropertySourcedRequestMappingHandlerMapping - Mapped URL path [/v2/api-docs] onto method [springfox.documentation.swagger2.web.Swagger2Controller#getDocumentation(String, HttpServletRequest)] 
2021-07-01 17:14:58 [restartedMain] INFO c.s.h.c.LoggerAspect - LoggerAspect : Before class com.ssafy.happyhouse.SwaggerConfiguration$$EnhancerBySpringCGLIB$$a9040550.api() 
2021-07-01 17:14:58 [restartedMain] DEBUG c.s.h.c.LoggerAspect - LoggerAspect : Before Debug class com.ssafy.happyhouse.SwaggerConfiguration$$EnhancerBySpringCGLIB$$a9040550.api() 
2021-07-01 17:14:58 [restartedMain] INFO c.s.h.c.LoggerAspect - LoggerAspect : After class com.ssafy.happyhouse.SwaggerConfiguration$$EnhancerBySpringCGLIB$$a9040550.api() 
2021-07-01 17:14:58 [restartedMain] DEBUG c.s.h.c.LoggerAspect - LoggerAspect : After Debug class com.ssafy.happyhouse.SwaggerConfiguration$$EnhancerBySpringCGLIB$$a9040550.api() 
2021-07-01 17:14:58 [restartedMain] INFO o.s.s.c.ThreadPoolTaskExecutor - Initializing ExecutorService 'applicationTaskExecutor' 
2021-07-01 17:14:58 [restartedMain] INFO o.s.b.d.a.OptionalLiveReloadServer - LiveReload server is running on port 35729 
2021-07-01 17:14:58 [restartedMain] INFO o.s.b.a.w.s.WelcomePageHandlerMapping - Adding welcome page: class path resource [static/index.html] 
2021-07-01 17:14:58 [restartedMain] INFO o.a.c.h.Http11NioProtocol - Starting ProtocolHandler ["http-nio-80"] 
2021-07-01 17:14:58 [restartedMain] INFO o.s.b.w.e.t.TomcatWebServer - Tomcat started on port(s): 80 (http) with context path '' 
2021-07-01 17:14:58 [restartedMain] INFO s.d.s.w.p.DocumentationPluginsBootstrapper - Context refreshed 
2021-07-01 17:14:58 [restartedMain] INFO s.d.s.w.p.DocumentationPluginsBootstrapper - Found 1 custom documentation plugin(s) 
2021-07-01 17:14:58 [restartedMain] INFO s.d.s.w.s.ApiListingReferenceScanner - Scanning for api listing references 
2021-07-01 17:14:58 [restartedMain] INFO c.s.h.HappyHouseFinalPjtApplication - Started HappyHouseFinalPjtApplication in 0.873 seconds (JVM running for 70.092) 
2021-07-01 17:14:58 [restartedMain] INFO o.s.b.d.a.ConditionEvaluationDeltaLoggingListener - Condition evaluation unchanged 
2021-07-01 17:14:59 [RMI TCP Connection(12)-127.0.0.1] INFO o.s.b.a.SpringApplicationAdminMXBeanRegistrar$SpringApplicationAdmin - Application shutdown requested. 
2021-07-01 17:14:59 [RMI TCP Connection(12)-127.0.0.1] INFO o.s.s.c.ThreadPoolTaskExecutor - Shutting down ExecutorService 'applicationTaskExecutor' 
2021-07-01 17:15:09 [restartedMain] INFO c.s.h.HappyHouseFinalPjtApplication - Starting HappyHouseFinalPjtApplication using Java 1.8.0_221 on DESKTOP-A9RSJ5F with PID 20520 (C:\Users\jinwoo\Documents\workspace-sts-3.9.14.RELEASE\HappyHouseFinalPJT\bin\main started by jinwoo in C:\Users\jinwoo\Documents\workspace-sts-3.9.14.RELEASE\HappyHouseFinalPJT) 
2021-07-01 17:15:09 [restartedMain] DEBUG c.s.h.HappyHouseFinalPjtApplication - Running with Spring Boot v2.4.5, Spring v5.3.6 
2021-07-01 17:15:09 [restartedMain] INFO c.s.h.HappyHouseFinalPjtApplication - No active profile set, falling back to default profiles: default 
2021-07-01 17:15:09 [restartedMain] INFO o.s.b.d.e.DevToolsPropertyDefaultsPostProcessor - Devtools property defaults active! Set 'spring.devtools.add-properties' to 'false' to disable 
2021-07-01 17:15:09 [restartedMain] INFO o.s.b.d.e.DevToolsPropertyDefaultsPostProcessor - For additional web related logging consider setting the 'logging.level.web' property to 'DEBUG' 
2021-07-01 17:15:10 [restartedMain] INFO o.s.b.w.e.t.TomcatWebServer - Tomcat initialized with port(s): 8080 (http) 
2021-07-01 17:15:10 [restartedMain] INFO o.a.c.h.Http11NioProtocol - Initializing ProtocolHandler ["http-nio-8080"] 
2021-07-01 17:15:10 [restartedMain] INFO o.a.c.c.StandardService - Starting service [Tomcat] 
2021-07-01 17:15:10 [restartedMain] INFO o.a.c.c.StandardEngine - Starting Servlet engine: [Apache Tomcat/9.0.45] 
2021-07-01 17:15:10 [restartedMain] INFO o.a.j.s.TldScanner - At least one JAR was scanned for TLDs yet contained no TLDs. Enable debug logging for this logger for a complete list of JARs that were scanned but no TLDs were found in them. Skipping unneeded JARs during scanning can improve startup time and JSP compilation time. 
2021-07-01 17:15:10 [restartedMain] INFO o.a.c.c.C.[.[.[/] - Initializing Spring embedded WebApplicationContext 
2021-07-01 17:15:10 [restartedMain] INFO o.s.b.w.s.c.ServletWebServerApplicationContext - Root WebApplicationContext: initialization completed in 1140 ms 
2021-07-01 17:15:11 [restartedMain] INFO c.s.h.c.LoggerAspect - LoggerAspect : Before class com.ssafy.happyhouse.WebConfiguration$$EnhancerBySpringCGLIB$$9c696597.addInterceptors() 
2021-07-01 17:15:11 [restartedMain] DEBUG c.s.h.c.LoggerAspect - LoggerAspect : Before Debug class com.ssafy.happyhouse.WebConfiguration$$EnhancerBySpringCGLIB$$9c696597.addInterceptors() 
2021-07-01 17:15:11 [restartedMain] INFO c.s.h.c.LoggerAspect - LoggerAspect : After class com.ssafy.happyhouse.WebConfiguration$$EnhancerBySpringCGLIB$$9c696597.addInterceptors() 
2021-07-01 17:15:11 [restartedMain] DEBUG c.s.h.c.LoggerAspect - LoggerAspect : After Debug class com.ssafy.happyhouse.WebConfiguration$$EnhancerBySpringCGLIB$$9c696597.addInterceptors() 
2021-07-01 17:15:11 [restartedMain] INFO s.d.s.w.PropertySourcedRequestMappingHandlerMapping - Mapped URL path [/v2/api-docs] onto method [springfox.documentation.swagger2.web.Swagger2Controller#getDocumentation(String, HttpServletRequest)] 
2021-07-01 17:15:11 [restartedMain] INFO c.s.h.c.LoggerAspect - LoggerAspect : Before class com.ssafy.happyhouse.SwaggerConfiguration$$EnhancerBySpringCGLIB$$34f562e1.api() 
2021-07-01 17:15:11 [restartedMain] DEBUG c.s.h.c.LoggerAspect - LoggerAspect : Before Debug class com.ssafy.happyhouse.SwaggerConfiguration$$EnhancerBySpringCGLIB$$34f562e1.api() 
2021-07-01 17:15:11 [restartedMain] INFO c.s.h.c.LoggerAspect - LoggerAspect : After class com.ssafy.happyhouse.SwaggerConfiguration$$EnhancerBySpringCGLIB$$34f562e1.api() 
2021-07-01 17:15:11 [restartedMain] DEBUG c.s.h.c.LoggerAspect - LoggerAspect : After Debug class com.ssafy.happyhouse.SwaggerConfiguration$$EnhancerBySpringCGLIB$$34f562e1.api() 
2021-07-01 17:15:11 [restartedMain] INFO o.s.s.c.ThreadPoolTaskExecutor - Initializing ExecutorService 'applicationTaskExecutor' 
2021-07-01 17:15:11 [restartedMain] INFO o.s.b.d.a.OptionalLiveReloadServer - LiveReload server is running on port 35729 
2021-07-01 17:15:11 [restartedMain] INFO o.s.b.a.w.s.WelcomePageHandlerMapping - Adding welcome page: class path resource [static/index.html] 
2021-07-01 17:15:11 [restartedMain] INFO o.a.c.h.Http11NioProtocol - Starting ProtocolHandler ["http-nio-8080"] 
2021-07-01 17:15:11 [restartedMain] INFO o.s.b.w.e.t.TomcatWebServer - Tomcat started on port(s): 8080 (http) with context path '' 
2021-07-01 17:15:11 [restartedMain] INFO s.d.s.w.p.DocumentationPluginsBootstrapper - Context refreshed 
2021-07-01 17:15:11 [restartedMain] INFO s.d.s.w.p.DocumentationPluginsBootstrapper - Found 1 custom documentation plugin(s) 
2021-07-01 17:15:11 [restartedMain] INFO s.d.s.w.s.ApiListingReferenceScanner - Scanning for api listing references 
2021-07-01 17:15:12 [restartedMain] INFO c.s.h.HappyHouseFinalPjtApplication - Started HappyHouseFinalPjtApplication in 2.623 seconds (JVM running for 3.214) 
2021-07-01 17:15:31 [http-nio-8080-exec-1] INFO o.a.c.c.C.[.[.[/] - Initializing Spring DispatcherServlet 'dispatcherServlet' 
2021-07-01 17:15:31 [http-nio-8080-exec-1] INFO o.s.w.s.DispatcherServlet - Initializing Servlet 'dispatcherServlet' 
2021-07-01 17:15:31 [http-nio-8080-exec-1] INFO o.s.w.s.DispatcherServlet - Completed initialization in 0 ms 
2021-07-01 17:15:34 [RMI TCP Connection(8)-127.0.0.1] INFO o.s.b.a.SpringApplicationAdminMXBeanRegistrar$SpringApplicationAdmin - Application shutdown requested. 
2021-07-01 17:15:34 [RMI TCP Connection(8)-127.0.0.1] INFO o.s.s.c.ThreadPoolTaskExecutor - Shutting down ExecutorService 'applicationTaskExecutor' 
2021-07-01 17:15:42 [restartedMain] INFO c.s.h.HappyHouseFinalPjtApplication - Starting HappyHouseFinalPjtApplication using Java 1.8.0_221 on DESKTOP-A9RSJ5F with PID 22580 (C:\Users\jinwoo\Documents\workspace-sts-3.9.14.RELEASE\HappyHouseFinalPJT\bin\main started by jinwoo in C:\Users\jinwoo\Documents\workspace-sts-3.9.14.RELEASE\HappyHouseFinalPJT) 
2021-07-01 17:15:42 [restartedMain] DEBUG c.s.h.HappyHouseFinalPjtApplication - Running with Spring Boot v2.4.5, Spring v5.3.6 
2021-07-01 17:15:42 [restartedMain] INFO c.s.h.HappyHouseFinalPjtApplication - No active profile set, falling back to default profiles: default 
2021-07-01 17:15:42 [restartedMain] INFO o.s.b.d.e.DevToolsPropertyDefaultsPostProcessor - Devtools property defaults active! Set 'spring.devtools.add-properties' to 'false' to disable 
2021-07-01 17:15:42 [restartedMain] INFO o.s.b.d.e.DevToolsPropertyDefaultsPostProcessor - For additional web related logging consider setting the 'logging.level.web' property to 'DEBUG' 
2021-07-01 17:15:43 [restartedMain] INFO o.s.b.w.e.t.TomcatWebServer - Tomcat initialized with port(s): 80 (http) 
2021-07-01 17:15:43 [restartedMain] INFO o.a.c.h.Http11NioProtocol - Initializing ProtocolHandler ["http-nio-80"] 
2021-07-01 17:15:43 [restartedMain] INFO o.a.c.c.StandardService - Starting service [Tomcat] 
2021-07-01 17:15:43 [restartedMain] INFO o.a.c.c.StandardEngine - Starting Servlet engine: [Apache Tomcat/9.0.45] 
2021-07-01 17:15:43 [restartedMain] INFO o.a.j.s.TldScanner - At least one JAR was scanned for TLDs yet contained no TLDs. Enable debug logging for this logger for a complete list of JARs that were scanned but no TLDs were found in them. Skipping unneeded JARs during scanning can improve startup time and JSP compilation time. 
2021-07-01 17:15:43 [restartedMain] INFO o.a.c.c.C.[.[.[/] - Initializing Spring embedded WebApplicationContext 
2021-07-01 17:15:43 [restartedMain] INFO o.s.b.w.s.c.ServletWebServerApplicationContext - Root WebApplicationContext: initialization completed in 1149 ms 
2021-07-01 17:15:43 [restartedMain] INFO c.s.h.c.LoggerAspect - LoggerAspect : Before class com.ssafy.happyhouse.WebConfiguration$$EnhancerBySpringCGLIB$$b438dc46.addInterceptors() 
2021-07-01 17:15:43 [restartedMain] DEBUG c.s.h.c.LoggerAspect - LoggerAspect : Before Debug class com.ssafy.happyhouse.WebConfiguration$$EnhancerBySpringCGLIB$$b438dc46.addInterceptors() 
2021-07-01 17:15:43 [restartedMain] INFO c.s.h.c.LoggerAspect - LoggerAspect : After class com.ssafy.happyhouse.WebConfiguration$$EnhancerBySpringCGLIB$$b438dc46.addInterceptors() 
2021-07-01 17:15:43 [restartedMain] DEBUG c.s.h.c.LoggerAspect - LoggerAspect : After Debug class com.ssafy.happyhouse.WebConfiguration$$EnhancerBySpringCGLIB$$b438dc46.addInterceptors() 
2021-07-01 17:15:43 [restartedMain] INFO s.d.s.w.PropertySourcedRequestMappingHandlerMapping - Mapped URL path [/v2/api-docs] onto method [springfox.documentation.swagger2.web.Swagger2Controller#getDocumentation(String, HttpServletRequest)] 
2021-07-01 17:15:43 [restartedMain] INFO c.s.h.c.LoggerAspect - LoggerAspect : Before class com.ssafy.happyhouse.SwaggerConfiguration$$EnhancerBySpringCGLIB$$4cc4d990.api() 
2021-07-01 17:15:43 [restartedMain] DEBUG c.s.h.c.LoggerAspect - LoggerAspect : Before Debug class com.ssafy.happyhouse.SwaggerConfiguration$$EnhancerBySpringCGLIB$$4cc4d990.api() 
2021-07-01 17:15:43 [restartedMain] INFO c.s.h.c.LoggerAspect - LoggerAspect : After class com.ssafy.happyhouse.SwaggerConfiguration$$EnhancerBySpringCGLIB$$4cc4d990.api() 
2021-07-01 17:15:43 [restartedMain] DEBUG c.s.h.c.LoggerAspect - LoggerAspect : After Debug class com.ssafy.happyhouse.SwaggerConfiguration$$EnhancerBySpringCGLIB$$4cc4d990.api() 
2021-07-01 17:15:43 [restartedMain] INFO o.s.s.c.ThreadPoolTaskExecutor - Initializing ExecutorService 'applicationTaskExecutor' 
2021-07-01 17:15:43 [restartedMain] INFO o.s.b.d.a.OptionalLiveReloadServer - LiveReload server is running on port 35729 
2021-07-01 17:15:43 [restartedMain] INFO o.s.b.a.w.s.WelcomePageHandlerMapping - Adding welcome page: class path resource [static/index.html] 
2021-07-01 17:15:44 [restartedMain] INFO o.a.c.h.Http11NioProtocol - Starting ProtocolHandler ["http-nio-80"] 
2021-07-01 17:15:44 [restartedMain] INFO o.s.b.w.e.t.TomcatWebServer - Tomcat started on port(s): 80 (http) with context path '' 
2021-07-01 17:15:44 [restartedMain] INFO s.d.s.w.p.DocumentationPluginsBootstrapper - Context refreshed 
2021-07-01 17:15:44 [restartedMain] INFO s.d.s.w.p.DocumentationPluginsBootstrapper - Found 1 custom documentation plugin(s) 
2021-07-01 17:15:44 [restartedMain] INFO s.d.s.w.s.ApiListingReferenceScanner - Scanning for api listing references 
2021-07-01 17:15:44 [restartedMain] INFO c.s.h.HappyHouseFinalPjtApplication - Started HappyHouseFinalPjtApplication in 2.65 seconds (JVM running for 3.236) 
2021-07-01 17:15:45 [http-nio-80-exec-1] INFO o.a.c.c.C.[.[.[/] - Initializing Spring DispatcherServlet 'dispatcherServlet' 
2021-07-01 17:15:45 [http-nio-80-exec-1] INFO o.s.w.s.DispatcherServlet - Initializing Servlet 'dispatcherServlet' 
2021-07-01 17:15:45 [http-nio-80-exec-1] INFO o.s.w.s.DispatcherServlet - Completed initialization in 1 ms 
2021-07-01 17:27:13 [RMI TCP Connection(21)-127.0.0.1] INFO o.s.b.a.SpringApplicationAdminMXBeanRegistrar$SpringApplicationAdmin - Application shutdown requested. 
2021-07-01 17:27:13 [RMI TCP Connection(21)-127.0.0.1] INFO o.s.s.c.ThreadPoolTaskExecutor - Shutting down ExecutorService 'applicationTaskExecutor' 
